{"C:\\Users\\tlswl\\OneDrive\\바탕 화면\\hirehelp2\\hirehelp\\src\\App.vue": {"path":"C:\\Users\\tlswl\\OneDrive\\바탕 화면\\hirehelp2\\hirehelp\\src\\App.vue","statementMap":{"0":{"start":{"line":11,"column":0},"end":{"line":null,"column":-1}}},"fnMap":{},"branchMap":{},"s":{"0":0},"f":{},"b":{}}
,"C:\\Users\\tlswl\\OneDrive\\바탕 화면\\hirehelp2\\hirehelp\\src\\store.js": {"path":"C:\\Users\\tlswl\\OneDrive\\바탕 화면\\hirehelp2\\hirehelp\\src\\store.js","statementMap":{"0":{"start":{"line":1,"column":0},"end":{"line":null,"column":-1}},"1":{"start":{"line":2,"column":0},"end":{"line":null,"column":-1}},"2":{"start":{"line":3,"column":0},"end":{"line":null,"column":-1}},"3":{"start":{"line":4,"column":0},"end":{"line":null,"column":-1}},"4":{"start":{"line":18,"column":12},"end":{"line":null,"column":-1}},"5":{"start":{"line":19,"column":12},"end":{"line":null,"column":-1}},"6":{"start":{"line":20,"column":12},"end":{"line":null,"column":-1}},"7":{"start":{"line":24,"column":12},"end":{"line":null,"column":-1}},"8":{"start":{"line":25,"column":12},"end":{"line":null,"column":-1}},"9":{"start":{"line":26,"column":12},"end":{"line":null,"column":-1}},"10":{"start":{"line":29,"column":12},"end":{"line":null,"column":-1}},"11":{"start":{"line":30,"column":12},"end":{"line":null,"column":-1}},"12":{"start":{"line":31,"column":12},"end":{"line":null,"column":-1}},"13":{"start":{"line":34,"column":12},"end":{"line":null,"column":-1}},"14":{"start":{"line":37,"column":12},"end":{"line":null,"column":-1}},"15":{"start":{"line":42,"column":42},"end":{"line":42,"column":20}},"16":{"start":{"line":42,"column":42},"end":{"line":42,"column":41}},"17":{"start":{"line":43,"column":12},"end":{"line":null,"column":-1}},"18":{"start":{"line":45,"column":16},"end":{"line":null,"column":-1}},"19":{"start":{"line":46,"column":16},"end":{"line":67,"column":17}},"20":{"start":{"line":47,"column":33},"end":{"line":47,"column":20}},"21":{"start":{"line":50,"column":24},"end":{"line":null,"column":-1}},"22":{"start":{"line":52,"column":43},"end":{"line":52,"column":24}},"23":{"start":{"line":56,"column":24},"end":{"line":null,"column":-1}},"24":{"start":{"line":57,"column":24},"end":{"line":null,"column":-1}},"25":{"start":{"line":60,"column":24},"end":{"line":null,"column":-1}},"26":{"start":{"line":66,"column":20},"end":{"line":null,"column":-1}},"27":{"start":{"line":70,"column":16},"end":{"line":null,"column":-1}},"28":{"start":{"line":71,"column":16},"end":{"line":null,"column":-1}},"29":{"start":{"line":74,"column":32},"end":{"line":74,"column":31}},"30":{"start":{"line":75,"column":12},"end":{"line":null,"column":-1}},"31":{"start":{"line":76,"column":12},"end":{"line":null,"column":-1}},"32":{"start":{"line":81,"column":12},"end":{"line":null,"column":-1}},"33":{"start":{"line":84,"column":12},"end":{"line":null,"column":-1}}},"fnMap":{"0":{"name":"loginSuccess","decl":{"start":{"line":15,"column":15},"end":{"line":17,"column":20}},"loc":{"start":{"line":17,"column":37},"end":{"line":15,"column":15}}},"1":{"name":"loginError","decl":{"start":{"line":15,"column":15},"end":{"line":23,"column":17}},"loc":{"start":{"line":23,"column":25},"end":{"line":15,"column":15}}},"2":{"name":"logout","decl":{"start":{"line":15,"column":15},"end":{"line":28,"column":14}},"loc":{"start":{"line":28,"column":22},"end":{"line":15,"column":15}}},"3":{"name":"setCurrentUser","decl":{"start":{"line":33,"column":24},"end":{"line":33,"column":32}},"loc":{"start":{"line":33,"column":46},"end":{"line":15,"column":15}}},"4":{"name":"setCurrentTitle","decl":{"start":{"line":36,"column":25},"end":{"line":36,"column":33}},"loc":{"start":{"line":36,"column":46},"end":{"line":15,"column":15}}},"5":{"name":"loginStore","decl":{"start":{"line":40,"column":13},"end":{"line":42,"column":30}},"loc":{"start":{"line":42,"column":42},"end":{"line":40,"column":13}}},"6":{"name":"(anonymous_7)","decl":{"start":{"line":44,"column":18},"end":{"line":44,"column":24}},"loc":{"start":{"line":44,"column":25},"end":{"line":43,"column":12}}},"7":{"name":"(anonymous_8)","decl":{"start":{"line":51,"column":30},"end":{"line":51,"column":41}},"loc":{"start":{"line":51,"column":42},"end":{"line":50,"column":24}}},"8":{"name":"(anonymous_9)","decl":{"start":{"line":59,"column":31},"end":{"line":59,"column":39}},"loc":{"start":{"line":59,"column":40},"end":{"line":50,"column":24}}},"9":{"name":"(anonymous_10)","decl":{"start":{"line":69,"column":21},"end":{"line":69,"column":27}},"loc":{"start":{"line":69,"column":28},"end":{"line":43,"column":12}}},"10":{"name":"logoutStore","decl":{"start":{"line":40,"column":13},"end":{"line":74,"column":31}},"loc":{"start":{"line":74,"column":32},"end":{"line":40,"column":13}}},"11":{"name":"getcurrentUser","decl":{"start":{"line":80,"column":25},"end":{"line":80,"column":33}},"loc":{"start":{"line":80,"column":40},"end":{"line":79,"column":12}}},"12":{"name":"getCurrentTitle","decl":{"start":{"line":83,"column":25},"end":{"line":83,"column":33}},"loc":{"start":{"line":83,"column":40},"end":{"line":79,"column":12}}}},"branchMap":{"0":{"loc":{"start":{"line":46,"column":16},"end":{"line":67,"column":17}},"type":"if","locations":[{"start":{"line":46,"column":16},"end":{"line":67,"column":17}},{"start":{"line":46,"column":16},"end":{"line":67,"column":17}}]}},"s":{"0":0,"1":0,"2":0,"3":0,"4":0,"5":0,"6":0,"7":0,"8":0,"9":0,"10":0,"11":0,"12":0,"13":0,"14":0,"15":0,"16":0,"17":0,"18":0,"19":0,"20":0,"21":0,"22":0,"23":0,"24":0,"25":0,"26":0,"27":0,"28":0,"29":0,"30":0,"31":0,"32":0,"33":0},"f":{"0":0,"1":0,"2":0,"3":0,"4":0,"5":0,"6":0,"7":0,"8":0,"9":0,"10":0,"11":0,"12":0},"b":{"0":[0,0]}}
,"C:\\Users\\tlswl\\OneDrive\\바탕 화면\\hirehelp2\\hirehelp\\src\\plugins\\vuetify.js": {"path":"C:\\Users\\tlswl\\OneDrive\\바탕 화면\\hirehelp2\\hirehelp\\src\\plugins\\vuetify.js","statementMap":{"0":{"start":{"line":1,"column":0},"end":{"line":null,"column":-1}},"1":{"start":{"line":2,"column":0},"end":{"line":null,"column":-1}},"2":{"start":{"line":5,"column":0},"end":{"line":null,"column":-1}},"3":{"start":{"line":7,"column":13},"end":{"line":7,"column":0}}},"fnMap":{},"branchMap":{},"s":{"0":0,"1":0,"2":0,"3":0},"f":{},"b":{}}
,"C:\\Users\\tlswl\\OneDrive\\바탕 화면\\hirehelp2\\hirehelp\\src\\views\\EmploymentHomePage.vue": {"path":"C:\\Users\\tlswl\\OneDrive\\바탕 화면\\hirehelp2\\hirehelp\\src\\views\\EmploymentHomePage.vue","statementMap":{"0":{"start":{"line":28,"column":0},"end":{"line":null,"column":-1}},"1":{"start":{"line":29,"column":0},"end":{"line":null,"column":-1}},"2":{"start":{"line":30,"column":0},"end":{"line":null,"column":-1}},"3":{"start":{"line":31,"column":0},"end":{"line":null,"column":-1}},"4":{"start":{"line":40,"column":0},"end":{"line":null,"column":-1}}},"fnMap":{"0":{"name":"data","decl":{"start":{"line":39,"column":0},"end":{"line":null,"column":-1}},"loc":{"start":{"line":39,"column":0},"end":{"line":43,"column":0}}}},"branchMap":{},"s":{"0":0,"1":0,"2":0,"3":0,"4":0},"f":{"0":0},"b":{}}
,"C:\\Users\\tlswl\\OneDrive\\바탕 화면\\hirehelp2\\hirehelp\\src\\views\\Login.vue": {"path":"C:\\Users\\tlswl\\OneDrive\\바탕 화면\\hirehelp2\\hirehelp\\src\\views\\Login.vue","statementMap":{"0":{"start":{"line":45,"column":0},"end":{"line":null,"column":-1}},"1":{"start":{"line":49,"column":0},"end":{"line":null,"column":-1}},"2":{"start":{"line":62,"column":0},"end":{"line":null,"column":-1}}},"fnMap":{"0":{"name":"data","decl":{"start":{"line":48,"column":0},"end":{"line":null,"column":-1}},"loc":{"start":{"line":48,"column":0},"end":{"line":55,"column":0}}},"1":{"name":"signUp","decl":{"start":{"line":61,"column":0},"end":{"line":null,"column":-1}},"loc":{"start":{"line":61,"column":0},"end":{"line":63,"column":0}}}},"branchMap":{},"s":{"0":0,"1":0,"2":0},"f":{"0":0,"1":0},"b":{}}
,"C:\\Users\\tlswl\\OneDrive\\바탕 화면\\hirehelp2\\hirehelp\\src\\views\\NoticeForm.vue": {"path":"C:\\Users\\tlswl\\OneDrive\\바탕 화면\\hirehelp2\\hirehelp\\src\\views\\NoticeForm.vue","statementMap":{"0":{"start":{"line":46,"column":0},"end":{"line":null,"column":-1}},"1":{"start":{"line":55,"column":0},"end":{"line":null,"column":-1}},"2":{"start":{"line":56,"column":0},"end":{"line":null,"column":-1}},"3":{"start":{"line":57,"column":0},"end":{"line":null,"column":-1}},"4":{"start":{"line":58,"column":0},"end":{"line":null,"column":-1}},"5":{"start":{"line":59,"column":0},"end":{"line":null,"column":-1}},"6":{"start":{"line":60,"column":0},"end":{"line":null,"column":-1}},"7":{"start":{"line":61,"column":0},"end":{"line":null,"column":-1}},"8":{"start":{"line":62,"column":0},"end":{"line":null,"column":-1}},"9":{"start":{"line":63,"column":0},"end":{"line":73,"column":0}},"10":{"start":{"line":66,"column":0},"end":{"line":72,"column":0}},"11":{"start":{"line":67,"column":0},"end":{"line":null,"column":-1}},"12":{"start":{"line":68,"column":0},"end":{"line":null,"column":-1}},"13":{"start":{"line":71,"column":0},"end":{"line":null,"column":-1}}},"fnMap":{"0":{"name":"data","decl":{"start":{"line":45,"column":0},"end":{"line":null,"column":-1}},"loc":{"start":{"line":45,"column":0},"end":{"line":53,"column":0}}},"1":{"name":"getCurrentTime","decl":{"start":{"line":55,"column":0},"end":{"line":null,"column":-1}},"loc":{"start":{"line":55,"column":0},"end":{"line":74,"column":0}}},"2":{"name":"(anonymous_3)","decl":{"start":{"line":63,"column":0},"end":{"line":null,"column":-1}},"loc":{"start":{"line":63,"column":0},"end":{"line":73,"column":0}}}},"branchMap":{"0":{"loc":{"start":{"line":59,"column":0},"end":{"line":null,"column":-1}},"type":"cond-expr","locations":[{"start":{"line":59,"column":0},"end":{"line":null,"column":-1}},{"start":{"line":59,"column":0},"end":{"line":null,"column":-1}}]},"1":{"loc":{"start":{"line":60,"column":0},"end":{"line":null,"column":-1}},"type":"cond-expr","locations":[{"start":{"line":60,"column":0},"end":{"line":null,"column":-1}},{"start":{"line":60,"column":0},"end":{"line":null,"column":-1}}]},"2":{"loc":{"start":{"line":66,"column":0},"end":{"line":72,"column":0}},"type":"if","locations":[{"start":{"line":66,"column":0},"end":{"line":72,"column":0}},{"start":{"line":66,"column":0},"end":{"line":72,"column":0}}]}},"s":{"0":0,"1":0,"2":0,"3":0,"4":0,"5":0,"6":0,"7":0,"8":0,"9":0,"10":0,"11":0,"12":0,"13":0},"f":{"0":0,"1":0,"2":0},"b":{"0":[0,0],"1":[0,0],"2":[0,0]}}
,"C:\\Users\\tlswl\\OneDrive\\바탕 화면\\hirehelp2\\hirehelp\\src\\views\\PostingForm.vue": {"path":"C:\\Users\\tlswl\\OneDrive\\바탕 화면\\hirehelp2\\hirehelp\\src\\views\\PostingForm.vue","statementMap":{"0":{"start":{"line":19,"column":0},"end":{"line":null,"column":-1}},"1":{"start":{"line":37,"column":0},"end":{"line":null,"column":-1}},"2":{"start":{"line":38,"column":0},"end":{"line":null,"column":-1}},"3":{"start":{"line":39,"column":0},"end":{"line":null,"column":-1}},"4":{"start":{"line":40,"column":0},"end":{"line":null,"column":-1}},"5":{"start":{"line":41,"column":0},"end":{"line":null,"column":-1}},"6":{"start":{"line":42,"column":0},"end":{"line":null,"column":-1}},"7":{"start":{"line":46,"column":0},"end":{"line":null,"column":-1}},"8":{"start":{"line":47,"column":0},"end":{"line":null,"column":-1}},"9":{"start":{"line":48,"column":0},"end":{"line":null,"column":-1}},"10":{"start":{"line":49,"column":0},"end":{"line":null,"column":-1}},"11":{"start":{"line":50,"column":0},"end":{"line":null,"column":-1}},"12":{"start":{"line":51,"column":0},"end":{"line":null,"column":-1}},"13":{"start":{"line":55,"column":0},"end":{"line":null,"column":-1}},"14":{"start":{"line":56,"column":0},"end":{"line":null,"column":-1}},"15":{"start":{"line":57,"column":0},"end":{"line":null,"column":-1}},"16":{"start":{"line":58,"column":0},"end":{"line":null,"column":-1}},"17":{"start":{"line":59,"column":0},"end":{"line":null,"column":-1}},"18":{"start":{"line":60,"column":0},"end":{"line":null,"column":-1}},"19":{"start":{"line":61,"column":0},"end":{"line":null,"column":-1}},"20":{"start":{"line":62,"column":0},"end":{"line":null,"column":-1}},"21":{"start":{"line":63,"column":0},"end":{"line":null,"column":-1}},"22":{"start":{"line":64,"column":0},"end":{"line":null,"column":-1}},"23":{"start":{"line":65,"column":0},"end":{"line":null,"column":-1}}},"fnMap":{"0":{"name":"data","decl":{"start":{"line":18,"column":0},"end":{"line":null,"column":-1}},"loc":{"start":{"line":18,"column":0},"end":{"line":34,"column":0}}},"1":{"name":"setPostingInfo","decl":{"start":{"line":36,"column":0},"end":{"line":null,"column":-1}},"loc":{"start":{"line":36,"column":0},"end":{"line":43,"column":0}}},"2":{"name":"setPostingContent","decl":{"start":{"line":45,"column":0},"end":{"line":null,"column":-1}},"loc":{"start":{"line":45,"column":0},"end":{"line":52,"column":0}}},"3":{"name":"resetData","decl":{"start":{"line":54,"column":0},"end":{"line":null,"column":-1}},"loc":{"start":{"line":54,"column":0},"end":{"line":66,"column":0}}}},"branchMap":{},"s":{"0":0,"1":0,"2":0,"3":0,"4":0,"5":0,"6":0,"7":0,"8":0,"9":0,"10":0,"11":0,"12":0,"13":0,"14":0,"15":0,"16":0,"17":0,"18":0,"19":0,"20":0,"21":0,"22":0,"23":0},"f":{"0":0,"1":0,"2":0,"3":0},"b":{}}
,"C:\\Users\\tlswl\\OneDrive\\바탕 화면\\hirehelp2\\hirehelp\\src\\views\\Resume.vue": {"path":"C:\\Users\\tlswl\\OneDrive\\바탕 화면\\hirehelp2\\hirehelp\\src\\views\\Resume.vue","statementMap":{"0":{"start":{"line":38,"column":0},"end":{"line":null,"column":-1}},"1":{"start":{"line":82,"column":0},"end":{"line":null,"column":-1}},"2":{"start":{"line":83,"column":0},"end":{"line":90,"column":0}},"3":{"start":{"line":85,"column":0},"end":{"line":null,"column":-1}},"4":{"start":{"line":86,"column":0},"end":{"line":null,"column":-1}},"5":{"start":{"line":89,"column":0},"end":{"line":null,"column":-1}},"6":{"start":{"line":94,"column":0},"end":{"line":null,"column":-1}}},"fnMap":{"0":{"name":"data","decl":{"start":{"line":37,"column":0},"end":{"line":null,"column":-1}},"loc":{"start":{"line":37,"column":0},"end":{"line":78,"column":0}}},"1":{"name":"tableClick","decl":{"start":{"line":80,"column":0},"end":{"line":null,"column":-1}},"loc":{"start":{"line":80,"column":0},"end":{"line":null,"column":-1}}},"2":{"name":"getRecruitmentList","decl":{"start":{"line":82,"column":0},"end":{"line":null,"column":-1}},"loc":{"start":{"line":82,"column":0},"end":{"line":91,"column":0}}},"3":{"name":"(anonymous_4)","decl":{"start":{"line":83,"column":0},"end":{"line":null,"column":-1}},"loc":{"start":{"line":83,"column":0},"end":{"line":87,"column":0}}},"4":{"name":"(anonymous_5)","decl":{"start":{"line":87,"column":0},"end":{"line":null,"column":-1}},"loc":{"start":{"line":87,"column":0},"end":{"line":90,"column":0}}},"5":{"name":"mounted","decl":{"start":{"line":79,"column":0},"end":{"line":null,"column":-1}},"loc":{"start":{"line":79,"column":0},"end":{"line":95,"column":0}}}},"branchMap":{},"s":{"0":0,"1":0,"2":0,"3":0,"4":0,"5":0,"6":0},"f":{"0":0,"1":0,"2":0,"3":0,"4":0,"5":0},"b":{}}
,"C:\\Users\\tlswl\\OneDrive\\바탕 화면\\hirehelp2\\hirehelp\\src\\views\\SignUp.vue": {"path":"C:\\Users\\tlswl\\OneDrive\\바탕 화면\\hirehelp2\\hirehelp\\src\\views\\SignUp.vue","statementMap":{"0":{"start":{"line":77,"column":0},"end":{"line":null,"column":-1}},"1":{"start":{"line":80,"column":0},"end":{"line":null,"column":-1}},"2":{"start":{"line":81,"column":0},"end":{"line":89,"column":0}},"3":{"start":{"line":83,"column":0},"end":{"line":88,"column":0}},"4":{"start":{"line":84,"column":0},"end":{"line":null,"column":-1}},"5":{"start":{"line":87,"column":0},"end":{"line":null,"column":-1}},"6":{"start":{"line":92,"column":0},"end":{"line":null,"column":-1}},"7":{"start":{"line":94,"column":0},"end":{"line":null,"column":-1}},"8":{"start":{"line":95,"column":0},"end":{"line":null,"column":-1}},"9":{"start":{"line":96,"column":0},"end":{"line":109,"column":0}},"10":{"start":{"line":97,"column":0},"end":{"line":null,"column":-1}},"11":{"start":{"line":100,"column":0},"end":{"line":108,"column":0}},"12":{"start":{"line":102,"column":0},"end":{"line":107,"column":0}},"13":{"start":{"line":103,"column":0},"end":{"line":null,"column":-1}},"14":{"start":{"line":105,"column":0},"end":{"line":null,"column":-1}},"15":{"start":{"line":106,"column":0},"end":{"line":null,"column":-1}},"16":{"start":{"line":111,"column":0},"end":{"line":null,"column":-1}},"17":{"start":{"line":112,"column":0},"end":{"line":null,"column":-1}},"18":{"start":{"line":113,"column":0},"end":{"line":null,"column":-1}},"19":{"start":{"line":114,"column":0},"end":{"line":null,"column":-1}},"20":{"start":{"line":115,"column":0},"end":{"line":null,"column":-1}},"21":{"start":{"line":116,"column":0},"end":{"line":null,"column":-1}},"22":{"start":{"line":117,"column":0},"end":{"line":null,"column":-1}},"23":{"start":{"line":118,"column":0},"end":{"line":120,"column":0}},"24":{"start":{"line":119,"column":0},"end":{"line":null,"column":-1}},"25":{"start":{"line":124,"column":0},"end":{"line":null,"column":-1}},"26":{"start":{"line":137,"column":0},"end":{"line":null,"column":-1}}},"fnMap":{"0":{"name":"back","decl":{"start":{"line":76,"column":0},"end":{"line":null,"column":-1}},"loc":{"start":{"line":76,"column":0},"end":{"line":78,"column":0}}},"1":{"name":"checkID","decl":{"start":{"line":79,"column":0},"end":{"line":null,"column":-1}},"loc":{"start":{"line":79,"column":0},"end":{"line":90,"column":0}}},"2":{"name":"(anonymous_3)","decl":{"start":{"line":81,"column":0},"end":{"line":null,"column":-1}},"loc":{"start":{"line":81,"column":0},"end":{"line":89,"column":0}}},"3":{"name":"checkEmail","decl":{"start":{"line":91,"column":0},"end":{"line":null,"column":-1}},"loc":{"start":{"line":91,"column":0},"end":{"line":93,"column":0}}},"4":{"name":"onSumit","decl":{"start":{"line":94,"column":0},"end":{"line":null,"column":-1}},"loc":{"start":{"line":94,"column":0},"end":{"line":110,"column":0}}},"5":{"name":"(anonymous_6)","decl":{"start":{"line":100,"column":0},"end":{"line":null,"column":-1}},"loc":{"start":{"line":100,"column":0},"end":{"line":108,"column":0}}},"6":{"name":"onReset","decl":{"start":{"line":111,"column":0},"end":{"line":null,"column":-1}},"loc":{"start":{"line":111,"column":0},"end":{"line":121,"column":0}}},"7":{"name":"(anonymous_8)","decl":{"start":{"line":118,"column":0},"end":{"line":null,"column":-1}},"loc":{"start":{"line":118,"column":0},"end":{"line":120,"column":0}}},"8":{"name":"data","decl":{"start":{"line":123,"column":0},"end":{"line":null,"column":-1}},"loc":{"start":{"line":123,"column":0},"end":{"line":134,"column":0}}},"9":{"name":"passwordState","decl":{"start":{"line":136,"column":0},"end":{"line":null,"column":-1}},"loc":{"start":{"line":136,"column":0},"end":{"line":138,"column":0}}}},"branchMap":{"0":{"loc":{"start":{"line":83,"column":0},"end":{"line":88,"column":0}},"type":"if","locations":[{"start":{"line":83,"column":0},"end":{"line":88,"column":0}},{"start":{"line":83,"column":0},"end":{"line":88,"column":0}}]},"1":{"loc":{"start":{"line":96,"column":0},"end":{"line":109,"column":0}},"type":"if","locations":[{"start":{"line":96,"column":0},"end":{"line":109,"column":0}},{"start":{"line":96,"column":0},"end":{"line":109,"column":0}}]},"2":{"loc":{"start":{"line":96,"column":0},"end":{"line":null,"column":-1}},"type":"binary-expr","locations":[{"start":{"line":96,"column":0},"end":{"line":null,"column":-1}},{"start":{"line":96,"column":0},"end":{"line":null,"column":-1}}]},"3":{"loc":{"start":{"line":102,"column":0},"end":{"line":107,"column":0}},"type":"if","locations":[{"start":{"line":102,"column":0},"end":{"line":107,"column":0}},{"start":{"line":102,"column":0},"end":{"line":107,"column":0}}]},"4":{"loc":{"start":{"line":137,"column":0},"end":{"line":null,"column":-1}},"type":"binary-expr","locations":[{"start":{"line":137,"column":0},"end":{"line":null,"column":-1}},{"start":{"line":137,"column":0},"end":{"line":null,"column":-1}}]}},"s":{"0":0,"1":0,"2":0,"3":0,"4":0,"5":0,"6":0,"7":0,"8":0,"9":0,"10":0,"11":0,"12":0,"13":0,"14":0,"15":0,"16":0,"17":0,"18":0,"19":0,"20":0,"21":0,"22":0,"23":0,"24":0,"25":0,"26":0},"f":{"0":0,"1":0,"2":0,"3":0,"4":0,"5":0,"6":0,"7":0,"8":0,"9":0},"b":{"0":[0,0],"1":[0,0],"2":[0,0],"3":[0,0],"4":[0,0]}}
,"C:\\Users\\tlswl\\OneDrive\\바탕 화면\\hirehelp2\\hirehelp\\src\\views\\menubar.vue": {"path":"C:\\Users\\tlswl\\OneDrive\\바탕 화면\\hirehelp2\\hirehelp\\src\\views\\menubar.vue","statementMap":{"0":{"start":{"line":47,"column":0},"end":{"line":null,"column":-1}},"1":{"start":{"line":53,"column":0},"end":{"line":null,"column":-1}}},"fnMap":{"0":{"name":"data","decl":{"start":{"line":46,"column":0},"end":{"line":null,"column":-1}},"loc":{"start":{"line":46,"column":0},"end":{"line":50,"column":0}}},"1":{"name":"moveUserHomePage","decl":{"start":{"line":52,"column":0},"end":{"line":null,"column":-1}},"loc":{"start":{"line":52,"column":0},"end":{"line":54,"column":0}}}},"branchMap":{},"s":{"0":0,"1":0},"f":{"0":0,"1":0},"b":{}}
,"C:\\Users\\tlswl\\OneDrive\\바탕 화면\\hirehelp2\\hirehelp\\src\\views\\components\\homepage\\Apply.vue": {"path":"C:\\Users\\tlswl\\OneDrive\\바탕 화면\\hirehelp2\\hirehelp\\src\\views\\components\\homepage\\Apply.vue","statementMap":{"0":{"start":{"line":89,"column":0},"end":{"line":null,"column":-1}},"1":{"start":{"line":92,"column":0},"end":{"line":null,"column":-1}},"2":{"start":{"line":109,"column":0},"end":{"line":null,"column":-1}},"3":{"start":{"line":110,"column":0},"end":{"line":124,"column":0}},"4":{"start":{"line":123,"column":0},"end":{"line":null,"column":-1}},"5":{"start":{"line":124,"column":0},"end":{"line":null,"column":-1}}},"fnMap":{"0":{"name":"data","decl":{"start":{"line":91,"column":0},"end":{"line":null,"column":-1}},"loc":{"start":{"line":91,"column":0},"end":{"line":106,"column":0}}},"1":{"name":"onSubmit","decl":{"start":{"line":108,"column":0},"end":{"line":null,"column":-1}},"loc":{"start":{"line":108,"column":0},"end":{"line":126,"column":0}}},"2":{"name":"(anonymous_4)","decl":{"start":{"line":111,"column":0},"end":{"line":null,"column":-1}},"loc":{"start":{"line":111,"column":0},"end":{"line":124,"column":0}}},"3":{"name":"(anonymous_5)","decl":{"start":{"line":124,"column":0},"end":{"line":null,"column":-1}},"loc":{"start":{"line":124,"column":0},"end":{"line":null,"column":-1}}}},"branchMap":{},"s":{"0":0,"1":0,"2":0,"3":0,"4":0,"5":0},"f":{"0":0,"1":0,"2":0,"3":0},"b":{}}
,"C:\\Users\\tlswl\\OneDrive\\바탕 화면\\hirehelp2\\hirehelp\\src\\views\\components\\homepage\\Employment.vue": {"path":"C:\\Users\\tlswl\\OneDrive\\바탕 화면\\hirehelp2\\hirehelp\\src\\views\\components\\homepage\\Employment.vue","statementMap":{"0":{"start":{"line":33,"column":0},"end":{"line":null,"column":-1}},"1":{"start":{"line":46,"column":0},"end":{"line":null,"column":-1}},"2":{"start":{"line":48,"column":0},"end":{"line":null,"column":-1}},"3":{"start":{"line":49,"column":0},"end":{"line":56,"column":0}},"4":{"start":{"line":51,"column":0},"end":{"line":null,"column":-1}},"5":{"start":{"line":52,"column":0},"end":{"line":null,"column":-1}},"6":{"start":{"line":55,"column":0},"end":{"line":null,"column":-1}},"7":{"start":{"line":60,"column":0},"end":{"line":null,"column":-1}}},"fnMap":{"0":{"name":"data","decl":{"start":{"line":32,"column":0},"end":{"line":null,"column":-1}},"loc":{"start":{"line":32,"column":0},"end":{"line":43,"column":0}}},"1":{"name":"openJobPosting","decl":{"start":{"line":45,"column":0},"end":{"line":null,"column":-1}},"loc":{"start":{"line":45,"column":0},"end":{"line":47,"column":0}}},"2":{"name":"getRecruitmentList","decl":{"start":{"line":48,"column":0},"end":{"line":null,"column":-1}},"loc":{"start":{"line":48,"column":0},"end":{"line":57,"column":0}}},"3":{"name":"(anonymous_4)","decl":{"start":{"line":49,"column":0},"end":{"line":null,"column":-1}},"loc":{"start":{"line":49,"column":0},"end":{"line":53,"column":0}}},"4":{"name":"(anonymous_5)","decl":{"start":{"line":53,"column":0},"end":{"line":null,"column":-1}},"loc":{"start":{"line":53,"column":0},"end":{"line":56,"column":0}}},"5":{"name":"mounted","decl":{"start":{"line":44,"column":0},"end":{"line":null,"column":-1}},"loc":{"start":{"line":44,"column":0},"end":{"line":61,"column":0}}}},"branchMap":{},"s":{"0":0,"1":0,"2":0,"3":0,"4":0,"5":0,"6":0,"7":0},"f":{"0":0,"1":0,"2":0,"3":0,"4":0,"5":0},"b":{}}
,"C:\\Users\\tlswl\\OneDrive\\바탕 화면\\hirehelp2\\hirehelp\\src\\views\\components\\homepage\\JobPostingContent.vue": {"path":"C:\\Users\\tlswl\\OneDrive\\바탕 화면\\hirehelp2\\hirehelp\\src\\views\\components\\homepage\\JobPostingContent.vue","statementMap":{"0":{"start":{"line":88,"column":0},"end":{"line":null,"column":-1}},"1":{"start":{"line":100,"column":0},"end":{"line":null,"column":-1}},"2":{"start":{"line":101,"column":0},"end":{"line":null,"column":-1}},"3":{"start":{"line":103,"column":0},"end":{"line":null,"column":-1}},"4":{"start":{"line":104,"column":0},"end":{"line":110,"column":0}},"5":{"start":{"line":106,"column":0},"end":{"line":null,"column":-1}},"6":{"start":{"line":109,"column":0},"end":{"line":null,"column":-1}},"7":{"start":{"line":112,"column":0},"end":{"line":null,"column":-1}},"8":{"start":{"line":113,"column":0},"end":{"line":null,"column":-1}},"9":{"start":{"line":114,"column":0},"end":{"line":116,"column":0}},"10":{"start":{"line":115,"column":0},"end":{"line":null,"column":-1}}},"fnMap":{"0":{"name":"data","decl":{"start":{"line":87,"column":0},"end":{"line":null,"column":-1}},"loc":{"start":{"line":87,"column":0},"end":{"line":97,"column":0}}},"1":{"name":"setStoreTitle","decl":{"start":{"line":99,"column":0},"end":{"line":null,"column":-1}},"loc":{"start":{"line":99,"column":0},"end":{"line":102,"column":0}}},"2":{"name":"getjobInformation","decl":{"start":{"line":103,"column":0},"end":{"line":null,"column":-1}},"loc":{"start":{"line":103,"column":0},"end":{"line":111,"column":0}}},"3":{"name":"(anonymous_4)","decl":{"start":{"line":104,"column":0},"end":{"line":null,"column":-1}},"loc":{"start":{"line":104,"column":0},"end":{"line":107,"column":0}}},"4":{"name":"(anonymous_5)","decl":{"start":{"line":107,"column":0},"end":{"line":null,"column":-1}},"loc":{"start":{"line":107,"column":0},"end":{"line":110,"column":0}}},"5":{"name":"mounted","decl":{"start":{"line":98,"column":0},"end":{"line":null,"column":-1}},"loc":{"start":{"line":98,"column":0},"end":{"line":117,"column":0}}},"6":{"name":"(anonymous_7)","decl":{"start":{"line":114,"column":0},"end":{"line":null,"column":-1}},"loc":{"start":{"line":114,"column":0},"end":{"line":116,"column":0}}}},"branchMap":{},"s":{"0":0,"1":0,"2":0,"3":0,"4":0,"5":0,"6":0,"7":0,"8":0,"9":0,"10":0},"f":{"0":0,"1":0,"2":0,"3":0,"4":0,"5":0,"6":0},"b":{}}
,"C:\\Users\\tlswl\\OneDrive\\바탕 화면\\hirehelp2\\hirehelp\\src\\views\\components\\homepage\\Notice.vue": {"path":"C:\\Users\\tlswl\\OneDrive\\바탕 화면\\hirehelp2\\hirehelp\\src\\views\\components\\homepage\\Notice.vue","statementMap":{"0":{"start":{"line":34,"column":0},"end":{"line":null,"column":-1}},"1":{"start":{"line":45,"column":0},"end":{"line":null,"column":-1}},"2":{"start":{"line":46,"column":0},"end":{"line":52,"column":0}},"3":{"start":{"line":48,"column":0},"end":{"line":null,"column":-1}},"4":{"start":{"line":51,"column":0},"end":{"line":null,"column":-1}},"5":{"start":{"line":55,"column":0},"end":{"line":null,"column":-1}}},"fnMap":{"0":{"name":"data","decl":{"start":{"line":33,"column":0},"end":{"line":null,"column":-1}},"loc":{"start":{"line":33,"column":0},"end":{"line":43,"column":0}}},"1":{"name":"openNoticePage","decl":{"start":{"line":45,"column":0},"end":{"line":null,"column":-1}},"loc":{"start":{"line":45,"column":0},"end":{"line":53,"column":0}}},"2":{"name":"(anonymous_3)","decl":{"start":{"line":46,"column":0},"end":{"line":null,"column":-1}},"loc":{"start":{"line":46,"column":0},"end":{"line":49,"column":0}}},"3":{"name":"(anonymous_4)","decl":{"start":{"line":49,"column":0},"end":{"line":null,"column":-1}},"loc":{"start":{"line":49,"column":0},"end":{"line":52,"column":0}}},"4":{"name":"mounted","decl":{"start":{"line":44,"column":0},"end":{"line":null,"column":-1}},"loc":{"start":{"line":44,"column":0},"end":{"line":56,"column":0}}}},"branchMap":{},"s":{"0":0,"1":0,"2":0,"3":0,"4":0,"5":0},"f":{"0":0,"1":0,"2":0,"3":0,"4":0},"b":{}}
,"C:\\Users\\tlswl\\OneDrive\\바탕 화면\\hirehelp2\\hirehelp\\src\\views\\components\\posting-form\\PostingCheck.vue": {"path":"C:\\Users\\tlswl\\OneDrive\\바탕 화면\\hirehelp2\\hirehelp\\src\\views\\components\\posting-form\\PostingCheck.vue","statementMap":{"0":{"start":{"line":31,"column":0},"end":{"line":null,"column":-1}},"1":{"start":{"line":49,"column":0},"end":{"line":57,"column":0}},"2":{"start":{"line":51,"column":0},"end":{"line":56,"column":0}},"3":{"start":{"line":52,"column":0},"end":{"line":null,"column":-1}},"4":{"start":{"line":55,"column":0},"end":{"line":null,"column":-1}},"5":{"start":{"line":60,"column":0},"end":{"line":null,"column":-1}},"6":{"start":{"line":61,"column":0},"end":{"line":null,"column":-1}}},"fnMap":{"0":{"name":"data","decl":{"start":{"line":30,"column":0},"end":{"line":null,"column":-1}},"loc":{"start":{"line":30,"column":0},"end":{"line":45,"column":0}}},"1":{"name":"submitPost","decl":{"start":{"line":48,"column":0},"end":{"line":null,"column":-1}},"loc":{"start":{"line":48,"column":0},"end":{"line":58,"column":0}}},"2":{"name":"(anonymous_3)","decl":{"start":{"line":49,"column":0},"end":{"line":null,"column":-1}},"loc":{"start":{"line":49,"column":0},"end":{"line":57,"column":0}}},"3":{"name":"resetPostingFormData","decl":{"start":{"line":59,"column":0},"end":{"line":null,"column":-1}},"loc":{"start":{"line":59,"column":0},"end":{"line":62,"column":0}}}},"branchMap":{"0":{"loc":{"start":{"line":51,"column":0},"end":{"line":56,"column":0}},"type":"if","locations":[{"start":{"line":51,"column":0},"end":{"line":56,"column":0}},{"start":{"line":51,"column":0},"end":{"line":56,"column":0}}]}},"s":{"0":0,"1":0,"2":0,"3":0,"4":0,"5":0,"6":0},"f":{"0":0,"1":0,"2":0,"3":0},"b":{"0":[0,0]}}
,"C:\\Users\\tlswl\\OneDrive\\바탕 화면\\hirehelp2\\hirehelp\\src\\views\\components\\posting-form\\PostingContentForm.vue": {"path":"C:\\Users\\tlswl\\OneDrive\\바탕 화면\\hirehelp2\\hirehelp\\src\\views\\components\\posting-form\\PostingContentForm.vue","statementMap":{"0":{"start":{"line":97,"column":0},"end":{"line":null,"column":-1}},"1":{"start":{"line":136,"column":0},"end":{"line":null,"column":-1}},"2":{"start":{"line":137,"column":0},"end":{"line":null,"column":-1}},"3":{"start":{"line":138,"column":0},"end":{"line":null,"column":-1}}},"fnMap":{"0":{"name":"data","decl":{"start":{"line":96,"column":0},"end":{"line":null,"column":-1}},"loc":{"start":{"line":96,"column":0},"end":{"line":133,"column":0}}},"1":{"name":"emitPostingContent","decl":{"start":{"line":135,"column":0},"end":{"line":null,"column":-1}},"loc":{"start":{"line":135,"column":0},"end":{"line":139,"column":0}}}},"branchMap":{},"s":{"0":0,"1":0,"2":0,"3":0},"f":{"0":0,"1":0},"b":{}}
,"C:\\Users\\tlswl\\OneDrive\\바탕 화면\\hirehelp2\\hirehelp\\src\\views\\components\\posting-form\\PostingInfoForm.vue": {"path":"C:\\Users\\tlswl\\OneDrive\\바탕 화면\\hirehelp2\\hirehelp\\src\\views\\components\\posting-form\\PostingInfoForm.vue","statementMap":{"0":{"start":{"line":95,"column":0},"end":{"line":null,"column":-1}},"1":{"start":{"line":107,"column":0},"end":{"line":null,"column":-1}},"2":{"start":{"line":108,"column":0},"end":{"line":null,"column":-1}},"3":{"start":{"line":109,"column":0},"end":{"line":null,"column":-1}}},"fnMap":{"0":{"name":"data","decl":{"start":{"line":94,"column":0},"end":{"line":null,"column":-1}},"loc":{"start":{"line":94,"column":0},"end":{"line":104,"column":0}}},"1":{"name":"emitPostingInfo","decl":{"start":{"line":106,"column":0},"end":{"line":null,"column":-1}},"loc":{"start":{"line":106,"column":0},"end":{"line":110,"column":0}}}},"branchMap":{},"s":{"0":0,"1":0,"2":0,"3":0},"f":{"0":0,"1":0},"b":{}}
}
