TN:
SF:C:\Users\tlswl\OneDrive\바탕 화면\hirehelp2\hirehelp\src\App.vue
FNF:0
FNH:0
DA:11,0
LF:1
LH:0
BRF:0
BRH:0
end_of_record
TN:
SF:C:\Users\tlswl\OneDrive\바탕 화면\hirehelp2\hirehelp\src\store.js
FN:15,loginSuccess
FN:15,loginError
FN:15,logout
FN:33,setCurrentUser
FN:36,setCurrentTitle
FN:40,loginStore
FN:44,(anonymous_7)
FN:51,(anonymous_8)
FN:59,(anonymous_9)
FN:69,(anonymous_10)
FN:40,logoutStore
FN:80,getcurrentUser
FN:83,getCurrentTitle
FNF:13
FNH:0
FNDA:0,loginSuccess
FNDA:0,loginError
FNDA:0,logout
FNDA:0,setCurrentUser
FNDA:0,setCurrentTitle
FNDA:0,loginStore
FNDA:0,(anonymous_7)
FNDA:0,(anonymous_8)
FNDA:0,(anonymous_9)
FNDA:0,(anonymous_10)
FNDA:0,logoutStore
FNDA:0,getcurrentUser
FNDA:0,getCurrentTitle
DA:1,0
DA:2,0
DA:3,0
DA:4,0
DA:18,0
DA:19,0
DA:20,0
DA:24,0
DA:25,0
DA:26,0
DA:29,0
DA:30,0
DA:31,0
DA:34,0
DA:37,0
DA:42,0
DA:43,0
DA:45,0
DA:46,0
DA:47,0
DA:50,0
DA:52,0
DA:56,0
DA:57,0
DA:60,0
DA:66,0
DA:70,0
DA:71,0
DA:74,0
DA:75,0
DA:76,0
DA:81,0
DA:84,0
LF:33
LH:0
BRDA:46,0,0,0
BRDA:46,0,1,0
BRF:2
BRH:0
end_of_record
TN:
SF:C:\Users\tlswl\OneDrive\바탕 화면\hirehelp2\hirehelp\src\plugins\vuetify.js
FNF:0
FNH:0
DA:1,0
DA:2,0
DA:5,0
DA:7,0
LF:4
LH:0
BRF:0
BRH:0
end_of_record
TN:
SF:C:\Users\tlswl\OneDrive\바탕 화면\hirehelp2\hirehelp\src\views\EmploymentHomePage.vue
FN:39,data
FNF:1
FNH:0
FNDA:0,data
DA:28,0
DA:29,0
DA:30,0
DA:31,0
DA:40,0
LF:5
LH:0
BRF:0
BRH:0
end_of_record
TN:
SF:C:\Users\tlswl\OneDrive\바탕 화면\hirehelp2\hirehelp\src\views\Login.vue
FN:48,data
FN:61,signUp
FNF:2
FNH:0
FNDA:0,data
FNDA:0,signUp
DA:45,0
DA:49,0
DA:62,0
LF:3
LH:0
BRF:0
BRH:0
end_of_record
TN:
SF:C:\Users\tlswl\OneDrive\바탕 화면\hirehelp2\hirehelp\src\views\NoticeForm.vue
FN:45,data
FN:55,getCurrentTime
FN:63,(anonymous_3)
FNF:3
FNH:0
FNDA:0,data
FNDA:0,getCurrentTime
FNDA:0,(anonymous_3)
DA:46,0
DA:55,0
DA:56,0
DA:57,0
DA:58,0
DA:59,0
DA:60,0
DA:61,0
DA:62,0
DA:63,0
DA:66,0
DA:67,0
DA:68,0
DA:71,0
LF:14
LH:0
BRDA:59,0,0,0
BRDA:59,0,1,0
BRDA:60,1,0,0
BRDA:60,1,1,0
BRDA:66,2,0,0
BRDA:66,2,1,0
BRF:6
BRH:0
end_of_record
TN:
SF:C:\Users\tlswl\OneDrive\바탕 화면\hirehelp2\hirehelp\src\views\PostingForm.vue
FN:18,data
FN:36,setPostingInfo
FN:45,setPostingContent
FN:54,resetData
FNF:4
FNH:0
FNDA:0,data
FNDA:0,setPostingInfo
FNDA:0,setPostingContent
FNDA:0,resetData
DA:19,0
DA:37,0
DA:38,0
DA:39,0
DA:40,0
DA:41,0
DA:42,0
DA:46,0
DA:47,0
DA:48,0
DA:49,0
DA:50,0
DA:51,0
DA:55,0
DA:56,0
DA:57,0
DA:58,0
DA:59,0
DA:60,0
DA:61,0
DA:62,0
DA:63,0
DA:64,0
DA:65,0
LF:24
LH:0
BRF:0
BRH:0
end_of_record
TN:
SF:C:\Users\tlswl\OneDrive\바탕 화면\hirehelp2\hirehelp\src\views\Resume.vue
FN:37,data
FN:80,tableClick
FN:82,getRecruitmentList
FN:83,(anonymous_4)
FN:87,(anonymous_5)
FN:79,mounted
FNF:6
FNH:0
FNDA:0,data
FNDA:0,tableClick
FNDA:0,getRecruitmentList
FNDA:0,(anonymous_4)
FNDA:0,(anonymous_5)
FNDA:0,mounted
DA:38,0
DA:82,0
DA:83,0
DA:85,0
DA:86,0
DA:89,0
DA:94,0
LF:7
LH:0
BRF:0
BRH:0
end_of_record
TN:
SF:C:\Users\tlswl\OneDrive\바탕 화면\hirehelp2\hirehelp\src\views\SignUp.vue
FN:76,back
FN:79,checkID
FN:81,(anonymous_3)
FN:91,checkEmail
FN:94,onSumit
FN:100,(anonymous_6)
FN:111,onReset
FN:118,(anonymous_8)
FN:123,data
FN:136,passwordState
FNF:10
FNH:0
FNDA:0,back
FNDA:0,checkID
FNDA:0,(anonymous_3)
FNDA:0,checkEmail
FNDA:0,onSumit
FNDA:0,(anonymous_6)
FNDA:0,onReset
FNDA:0,(anonymous_8)
FNDA:0,data
FNDA:0,passwordState
DA:77,0
DA:80,0
DA:81,0
DA:83,0
DA:84,0
DA:87,0
DA:92,0
DA:94,0
DA:95,0
DA:96,0
DA:97,0
DA:100,0
DA:102,0
DA:103,0
DA:105,0
DA:106,0
DA:111,0
DA:112,0
DA:113,0
DA:114,0
DA:115,0
DA:116,0
DA:117,0
DA:118,0
DA:119,0
DA:124,0
DA:137,0
LF:27
LH:0
BRDA:83,0,0,0
BRDA:83,0,1,0
BRDA:96,1,0,0
BRDA:96,1,1,0
BRDA:96,2,0,0
BRDA:96,2,1,0
BRDA:102,3,0,0
BRDA:102,3,1,0
BRDA:137,4,0,0
BRDA:137,4,1,0
BRF:10
BRH:0
end_of_record
TN:
SF:C:\Users\tlswl\OneDrive\바탕 화면\hirehelp2\hirehelp\src\views\menubar.vue
FN:46,data
FN:52,moveUserHomePage
FNF:2
FNH:0
FNDA:0,data
FNDA:0,moveUserHomePage
DA:47,0
DA:53,0
LF:2
LH:0
BRF:0
BRH:0
end_of_record
TN:
SF:C:\Users\tlswl\OneDrive\바탕 화면\hirehelp2\hirehelp\src\views\components\homepage\Apply.vue
FN:91,data
FN:108,onSubmit
FN:111,(anonymous_4)
FN:124,(anonymous_5)
FNF:4
FNH:0
FNDA:0,data
FNDA:0,onSubmit
FNDA:0,(anonymous_4)
FNDA:0,(anonymous_5)
DA:89,0
DA:92,0
DA:109,0
DA:110,0
DA:123,0
DA:124,0
LF:6
LH:0
BRF:0
BRH:0
end_of_record
TN:
SF:C:\Users\tlswl\OneDrive\바탕 화면\hirehelp2\hirehelp\src\views\components\homepage\Employment.vue
FN:32,data
FN:45,openJobPosting
FN:48,getRecruitmentList
FN:49,(anonymous_4)
FN:53,(anonymous_5)
FN:44,mounted
FNF:6
FNH:0
FNDA:0,data
FNDA:0,openJobPosting
FNDA:0,getRecruitmentList
FNDA:0,(anonymous_4)
FNDA:0,(anonymous_5)
FNDA:0,mounted
DA:33,0
DA:46,0
DA:48,0
DA:49,0
DA:51,0
DA:52,0
DA:55,0
DA:60,0
LF:8
LH:0
BRF:0
BRH:0
end_of_record
TN:
SF:C:\Users\tlswl\OneDrive\바탕 화면\hirehelp2\hirehelp\src\views\components\homepage\JobPostingContent.vue
FN:87,data
FN:99,setStoreTitle
FN:103,getjobInformation
FN:104,(anonymous_4)
FN:107,(anonymous_5)
FN:98,mounted
FN:114,(anonymous_7)
FNF:7
FNH:0
FNDA:0,data
FNDA:0,setStoreTitle
FNDA:0,getjobInformation
FNDA:0,(anonymous_4)
FNDA:0,(anonymous_5)
FNDA:0,mounted
FNDA:0,(anonymous_7)
DA:88,0
DA:100,0
DA:101,0
DA:103,0
DA:104,0
DA:106,0
DA:109,0
DA:112,0
DA:113,0
DA:114,0
DA:115,0
LF:11
LH:0
BRF:0
BRH:0
end_of_record
TN:
SF:C:\Users\tlswl\OneDrive\바탕 화면\hirehelp2\hirehelp\src\views\components\homepage\Notice.vue
FN:33,data
FN:45,openNoticePage
FN:46,(anonymous_3)
FN:49,(anonymous_4)
FN:44,mounted
FNF:5
FNH:0
FNDA:0,data
FNDA:0,openNoticePage
FNDA:0,(anonymous_3)
FNDA:0,(anonymous_4)
FNDA:0,mounted
DA:34,0
DA:45,0
DA:46,0
DA:48,0
DA:51,0
DA:55,0
LF:6
LH:0
BRF:0
BRH:0
end_of_record
TN:
SF:C:\Users\tlswl\OneDrive\바탕 화면\hirehelp2\hirehelp\src\views\components\posting-form\PostingCheck.vue
FN:30,data
FN:48,submitPost
FN:49,(anonymous_3)
FN:59,resetPostingFormData
FNF:4
FNH:0
FNDA:0,data
FNDA:0,submitPost
FNDA:0,(anonymous_3)
FNDA:0,resetPostingFormData
DA:31,0
DA:49,0
DA:51,0
DA:52,0
DA:55,0
DA:60,0
DA:61,0
LF:7
LH:0
BRDA:51,0,0,0
BRDA:51,0,1,0
BRF:2
BRH:0
end_of_record
TN:
SF:C:\Users\tlswl\OneDrive\바탕 화면\hirehelp2\hirehelp\src\views\components\posting-form\PostingContentForm.vue
FN:96,data
FN:135,emitPostingContent
FNF:2
FNH:0
FNDA:0,data
FNDA:0,emitPostingContent
DA:97,0
DA:136,0
DA:137,0
DA:138,0
LF:4
LH:0
BRF:0
BRH:0
end_of_record
TN:
SF:C:\Users\tlswl\OneDrive\바탕 화면\hirehelp2\hirehelp\src\views\components\posting-form\PostingInfoForm.vue
FN:94,data
FN:106,emitPostingInfo
FNF:2
FNH:0
FNDA:0,data
FNDA:0,emitPostingInfo
DA:95,0
DA:107,0
DA:108,0
DA:109,0
LF:4
LH:0
BRF:0
BRH:0
end_of_record
